#
# A fatal error has been detected by the Java Runtime Environment:
#
#  EXCEPTION_ACCESS_VIOLATION (0xc0000005) at pc=0x000007fd3839b8da, pid=5916, tid=7984
#
# JRE version: Java(TM) SE Runtime Environment (7.0_40-b43) (build 1.7.0_40-b43)
# Java VM: Java HotSpot(TM) 64-Bit Server VM (24.0-b56 mixed mode windows-amd64 compressed oops)
# Problematic frame:
# C  [opencv_java248.dll+0xb8da]
#
# Failed to write core dump. Minidumps are not enabled by default on client versions of Windows
#
# If you would like to submit a bug report, please visit:
#   http://bugreport.sun.com/bugreport/crash.jsp
# The crash happened outside the Java Virtual Machine in native code.
# See problematic frame for where to report the bug.
#

---------------  T H R E A D  ---------------

Current thread (0x0000000007f7f000):  JavaThread "Finalizer" daemon [_thread_in_native, id=7984, stack(0x0000000009220000,0x0000000009320000)]

siginfo: ExceptionCode=0xc0000005, reading address 0x000000000000001e

Registers:
RAX=0x000007fd3839b8d0, RBX=0x00000000bc0af048, RCX=0x0000000007f7f1e8, RDX=0x000000000931f070
RSP=0x000000000931efc0, RBP=0x000000000931f060, RSI=0x0000000007f7f000, RDI=0x0000000000000000
R8 =0x0000000000000006, R9 =0x0000000000000001, R10=0x00000000021c3064, R11=0x00000000749bf7d0
R12=0x0000000000000000, R13=0x00000000bc0af048, R14=0x000000000931f088, R15=0x0000000007f7f000
RIP=0x000007fd3839b8da, EFLAGS=0x0000000000010206

Top of Stack: (sp=0x000000000931efc0)
0x000000000931efc0:   0000000007f7f838 0000000007f7f838
0x000000000931efd0:   0000000000000001 0000000007f7f878
0x000000000931efe0:   00000000bc0af048 00000000021c3090
0x000000000931eff0:   0000000000000000 0000000009e96950
0x000000000931f000:   00000000ec013908 00000000749c8663
0x000000000931f010:   0000000007f7f000 000000000931f0e0
0x000000000931f020:   000000000931f020 0000000000000000
0x000000000931f030:   000000000931f088 00000000bc0bbab8
0x000000000931f040:   0000000000000000 00000000bc0af048
0x000000000931f050:   0000000000000000 000000000931f080
0x000000000931f060:   000000000931f0d0 00000000021b60f8
0x000000000931f070:   00000000c10fa528 00000000021bf0d8
0x000000000931f080:   0000000000000006 00000000c1284c28
0x000000000931f090:   000000000931f090 00000000bc0aa0ec
0x000000000931f0a0:   000000000931f0e0 00000000bc0bbab8
0x000000000931f0b0:   0000000000000000 00000000bc0aa110 

Instructions: (pc=0x000007fd3839b8da)
0x000007fd3839b8ba:   d0 49 ff c8 75 f0 48 85 d2 74 03 32 c0 c3 b0 01
0x000007fd3839b8ca:   c3 cc cc cc cc cc 4d 85 c0 74 61 53 48 83 ec 20
0x000007fd3839b8da:   49 8b 48 18 49 8b d8 48 85 c9 74 15 83 ca ff e8
0x000007fd3839b8ea:   72 dd 05 00 83 f8 01 75 08 48 8b cb e8 55 e1 02 


Register to memory mapping:

RAX=0x000007fd3839b8d0 is an unknown value
RBX=0x00000000bc0af048 is an oop
{method} 
 - klass: {other class}
RCX=0x0000000007f7f1e8 is an unknown value
RDX=0x000000000931f070 is pointing into the stack for thread: 0x0000000007f7f000
RSP=0x000000000931efc0 is pointing into the stack for thread: 0x0000000007f7f000
RBP=0x000000000931f060 is pointing into the stack for thread: 0x0000000007f7f000
RSI=0x0000000007f7f000 is a thread
RDI=0x0000000000000000 is an unknown value
R8 =0x0000000000000006 is an unknown value
R9 =0x0000000000000001 is an unknown value
R10=0x00000000021c3064 is at code_begin+644 in an Interpreter codelet
method entry point (kind = native)  [0x00000000021c2de0, 0x00000000021c3680]  2208 bytes
R11=0x00000000749bf7d0 is an unknown value
R12=0x0000000000000000 is an unknown value
R13=0x00000000bc0af048 is an oop
{method} 
 - klass: {other class}
R14=0x000000000931f088 is pointing into the stack for thread: 0x0000000007f7f000
R15=0x0000000007f7f000 is a thread


Stack: [0x0000000009220000,0x0000000009320000],  sp=0x000000000931efc0,  free space=1019k
Native frames: (J=compiled Java code, j=interpreted, Vv=VM code, C=native code)
C  [opencv_java248.dll+0xb8da]
j  org.opencv.core.Mat.finalize()V+4
v  ~StubRoutines::call_stub
V  [jvm.dll+0x1cb013]

Java frames: (J=compiled Java code, j=interpreted, Vv=VM code)
j  org.opencv.core.Mat.n_delete(J)V+0
j  org.opencv.core.Mat.finalize()V+4
v  ~StubRoutines::call_stub
j  java.lang.ref.Finalizer.invokeFinalizeMethod(Ljava/lang/Object;)V+0
j  java.lang.ref.Finalizer.runFinalizer()V+45
j  java.lang.ref.Finalizer.access$100(Ljava/lang/ref/Finalizer;)V+1
j  java.lang.ref.Finalizer$FinalizerThread.run()V+24
v  ~StubRoutines::call_stub

---------------  P R O C E S S  ---------------

Java Threads: ( => current thread )
  0x00000000020b1000 JavaThread "DestroyJavaVM" [_thread_blocked, id=7516, stack(0x0000000001fb0000,0x00000000020b0000)]
  0x0000000009cd4800 JavaThread "AWT-EventQueue-0" [_thread_blocked, id=5612, stack(0x000000000c0f0000,0x000000000c1f0000)]
  0x0000000009c76000 JavaThread "Thread-1" [_thread_in_Java, id=7256, stack(0x000000000bbf0000,0x000000000bcf0000)]
  0x0000000009bfd800 JavaThread "AWT-Windows" daemon [_thread_in_native, id=124, stack(0x000000000a720000,0x000000000a820000)]
  0x0000000009bfd000 JavaThread "AWT-Shutdown" [_thread_blocked, id=7020, stack(0x000000000a620000,0x000000000a720000)]
  0x000000000802e800 JavaThread "Java2D Disposer" daemon [_thread_blocked, id=6028, stack(0x000000000a520000,0x000000000a620000)]
  0x0000000007fc7800 JavaThread "Service Thread" daemon [_thread_blocked, id=7616, stack(0x0000000009720000,0x0000000009820000)]
  0x0000000007fc0800 JavaThread "C2 CompilerThread1" daemon [_thread_blocked, id=4376, stack(0x0000000009620000,0x0000000009720000)]
  0x0000000007fb5800 JavaThread "C2 CompilerThread0" daemon [_thread_blocked, id=2508, stack(0x0000000009520000,0x0000000009620000)]
  0x0000000007fb3800 JavaThread "Attach Listener" daemon [_thread_blocked, id=5168, stack(0x0000000009420000,0x0000000009520000)]
  0x0000000007fb0800 JavaThread "Signal Dispatcher" daemon [_thread_blocked, id=6108, stack(0x0000000009320000,0x0000000009420000)]
=>0x0000000007f7f000 JavaThread "Finalizer" daemon [_thread_in_native, id=7984, stack(0x0000000009220000,0x0000000009320000)]
  0x0000000007f76000 JavaThread "Reference Handler" daemon [_thread_blocked, id=7468, stack(0x0000000009120000,0x0000000009220000)]

Other Threads:
  0x0000000007f73000 VMThread [stack: 0x0000000009020000,0x0000000009120000] [id=7300]
  0x0000000007fd9000 WatcherThread [stack: 0x0000000009820000,0x0000000009920000] [id=1352]

VM state:not at safepoint (normal execution)

VM Mutex/Monitor currently owned by a thread: None

Heap
 PSYoungGen      total 18944K, used 16047K [0x00000000eb000000, 0x00000000ec500000, 0x0000000100000000)
  eden space 16384K, 82% used [0x00000000eb000000,0x00000000ebd31910,0x00000000ec000000)
  from space 2560K, 99% used [0x00000000ec000000,0x00000000ec27a680,0x00000000ec280000)
  to   space 2560K, 0% used [0x00000000ec280000,0x00000000ec280000,0x00000000ec500000)
 ParOldGen       total 43008K, used 2769K [0x00000000c1000000, 0x00000000c3a00000, 0x00000000eb000000)
  object space 43008K, 6% used [0x00000000c1000000,0x00000000c12b4638,0x00000000c3a00000)
 PSPermGen       total 21504K, used 9166K [0x00000000bbe00000, 0x00000000bd300000, 0x00000000c1000000)
  object space 21504K, 42% used [0x00000000bbe00000,0x00000000bc6f3a28,0x00000000bd300000)

Card table byte_map: [0x0000000005270000,0x00000000054a0000] byte_map_base: 0x0000000004c91000

Polling page: 0x00000000005e0000

Code Cache  [0x00000000021b0000, 0x0000000002420000, 0x00000000051b0000)
 total_blobs=606 nmethods=22 adapters=537 free_code_cache=48518Kb largest_free_block=49663872

Compilation events (10 events):
Event: 1.139 Thread 0x0000000007fc0800   14             sun.java2d.loops.GraphicsPrimitive::getUniqueID (5 bytes)
Event: 1.140 Thread 0x0000000007fc0800 nmethod 14 0x000000000224c050 code [0x000000000224c180, 0x000000000224c1d8]
Event: 1.144 Thread 0x0000000007fb5800   15             java.lang.String::equals (81 bytes)
Event: 1.148 Thread 0x0000000007fb5800 nmethod 15 0x0000000002249c10 code [0x0000000002249d60, 0x0000000002249f98]
Event: 1.168 Thread 0x0000000007fc0800   16             java.lang.String::length (6 bytes)
Event: 1.168 Thread 0x0000000007fc0800 nmethod 16 0x000000000224c490 code [0x000000000224c5c0, 0x000000000224c618]
Event: 1.202 Thread 0x0000000007fb5800   17             java.util.Arrays::binarySearch0 (95 bytes)
Event: 1.206 Thread 0x0000000007fb5800 nmethod 17 0x000000000224c850 code [0x000000000224c9a0, 0x000000000224cb58]
Event: 1.206 Thread 0x0000000007fb5800   18             sun.java2d.loops.GraphicsPrimitiveMgr$2::compare (39 bytes)
Event: 1.207 Thread 0x0000000007fb5800 nmethod 18 0x0000000002250bd0 code [0x0000000002250d20, 0x0000000002250df8]

GC Heap History (2 events):
Event: 1.356 GC heap before
{Heap before GC invocations=1 (full 0):
 PSYoungGen      total 18944K, used 15564K [0x00000000eb000000, 0x00000000ec500000, 0x0000000100000000)
  eden space 16384K, 94% used [0x00000000eb000000,0x00000000ebf330e8,0x00000000ec000000)
  from space 2560K, 0% used [0x00000000ec280000,0x00000000ec280000,0x00000000ec500000)
  to   space 2560K, 0% used [0x00000000ec000000,0x00000000ec000000,0x00000000ec280000)
 ParOldGen       total 43008K, used 0K [0x00000000c1000000, 0x00000000c3a00000, 0x00000000eb000000)
  object space 43008K, 0% used [0x00000000c1000000,0x00000000c1000000,0x00000000c3a00000)
 PSPermGen       total 21504K, used 9159K [0x00000000bbe00000, 0x00000000bd300000, 0x00000000c1000000)
  object space 21504K, 42% used [0x00000000bbe00000,0x00000000bc6f1d80,0x00000000bd300000)
Event: 1.361 GC heap after
Heap after GC invocations=1 (full 0):
 PSYoungGen      total 18944K, used 2537K [0x00000000eb000000, 0x00000000ec500000, 0x0000000100000000)
  eden space 16384K, 0% used [0x00000000eb000000,0x00000000eb000000,0x00000000ec000000)
  from space 2560K, 99% used [0x00000000ec000000,0x00000000ec27a680,0x00000000ec280000)
  to   space 2560K, 0% used [0x00000000ec280000,0x00000000ec280000,0x00000000ec500000)
 ParOldGen       total 43008K, used 2769K [0x00000000c1000000, 0x00000000c3a00000, 0x00000000eb000000)
  object space 43008K, 6% used [0x00000000c1000000,0x00000000c12b4638,0x00000000c3a00000)
 PSPermGen       total 21504K, used 9159K [0x00000000bbe00000, 0x00000000bd300000, 0x00000000c1000000)
  object space 21504K, 42% used [0x00000000bbe00000,0x00000000bc6f1d80,0x00000000bd300000)
}

Deoptimization events (0 events):
No events

Internal exceptions (10 events):
Event: 0.773 Thread 0x00000000020b1000 Threw 0x00000000eb2409f8 at C:\jdk7u2_64p\jdk7u40\hotspot\src\share\vm\prims\jvm.cpp:1244
Event: 0.773 Thread 0x00000000020b1000 Threw 0x00000000eb244f68 at C:\jdk7u2_64p\jdk7u40\hotspot\src\share\vm\prims\jvm.cpp:1244
Event: 0.787 Thread 0x00000000020b1000 Threw 0x00000000eb249558 at C:\jdk7u2_64p\jdk7u40\hotspot\src\share\vm\prims\jvm.cpp:1244
Event: 0.931 Thread 0x0000000009c76000 Threw 0x00000000eb1ec020 at C:\jdk7u2_64p\jdk7u40\hotspot\src\share\vm\prims\jvm.cpp:1244
Event: 0.932 Thread 0x0000000009c76000 Threw 0x00000000eb1f1618 at C:\jdk7u2_64p\jdk7u40\hotspot\src\share\vm\prims\jvm.cpp:1244
Event: 0.963 Thread 0x0000000009c76000 Threw 0x00000000eb20aa68 at C:\jdk7u2_64p\jdk7u40\hotspot\src\share\vm\prims\jvm.cpp:1244
Event: 0.963 Thread 0x0000000009c76000 Threw 0x00000000eb20ab90 at C:\jdk7u2_64p\jdk7u40\hotspot\src\share\vm\prims\jvm.cpp:1244
Event: 0.964 Thread 0x0000000009c76000 Threw 0x00000000eb20e0c8 at C:\jdk7u2_64p\jdk7u40\hotspot\src\share\vm\prims\jvm.cpp:1244
Event: 0.964 Thread 0x0000000009c76000 Threw 0x00000000eb20e1f0 at C:\jdk7u2_64p\jdk7u40\hotspot\src\share\vm\prims\jvm.cpp:1244
Event: 1.294 Thread 0x00000000020b1000 Threw 0x00000000eb735620 at C:\jdk7u2_64p\jdk7u40\hotspot\src\share\vm\prims\jni.cpp:743

Events (10 events):
Event: 1.257 loading class 0x0000000009b67a40 done
Event: 1.257 loading class 0x0000000008018060 done
Event: 1.294 loading class 0x00000000021085c0
Event: 1.295 loading class 0x0000000002108830
Event: 1.295 loading class 0x0000000002108830 done
Event: 1.295 loading class 0x00000000021085c0 done
Event: 1.295 Thread 0x00000000020b1000 Thread exited: 0x00000000020b1000
Event: 1.296 Thread 0x00000000020b1000 Thread added: 0x00000000020b1000
Event: 1.355 Executing VM operation: ParallelGCFailedAllocation
Event: 1.361 Executing VM operation: ParallelGCFailedAllocation done


Dynamic libraries:
0x000007f789e00000 - 0x000007f789e33000 	C:\Program Files\Java\jre7\bin\javaw.exe
0x000007fd59f80000 - 0x000007fd5a140000 	C:\Windows\SYSTEM32\ntdll.dll
0x000007fd597e0000 - 0x000007fd59916000 	C:\Windows\system32\KERNEL32.DLL
0x000007fd57270000 - 0x000007fd57363000 	C:\Windows\system32\KERNELBASE.dll
0x000007fd59920000 - 0x000007fd599fe000 	C:\Windows\system32\ADVAPI32.dll
0x000007fd59400000 - 0x000007fd5954c000 	C:\Windows\system32\USER32.dll
0x000007fd54410000 - 0x000007fd5467a000 	C:\Windows\WinSxS\amd64_microsoft.windows.common-controls_6595b64144ccf1df_6.0.9200.16579_none_418ab7ef718b27ef\COMCTL32.dll
0x000007fd59240000 - 0x000007fd592e5000 	C:\Windows\system32\msvcrt.dll
0x000007fd591a0000 - 0x000007fd591e8000 	C:\Windows\SYSTEM32\sechost.dll
0x000007fd575a0000 - 0x000007fd576e5000 	C:\Windows\system32\RPCRT4.dll
0x000007fd59e30000 - 0x000007fd59f71000 	C:\Windows\system32\GDI32.dll
0x000007fd592f0000 - 0x000007fd59329000 	C:\Windows\system32\IMM32.DLL
0x000007fd59a20000 - 0x000007fd59b35000 	C:\Windows\system32\MSCTF.dll
0x0000000074fb0000 - 0x0000000075081000 	C:\Program Files\Java\jre7\bin\msvcr100.dll
0x00000000747e0000 - 0x0000000074fa9000 	C:\Program Files\Java\jre7\bin\server\jvm.dll
0x000007fd452c0000 - 0x000007fd452c9000 	C:\Windows\SYSTEM32\WSOCK32.dll
0x000007fd4f620000 - 0x000007fd4f640000 	C:\Windows\SYSTEM32\WINMM.dll
0x000007fd59e20000 - 0x000007fd59e27000 	C:\Windows\system32\PSAPI.DLL
0x000007fd59b40000 - 0x000007fd59b98000 	C:\Windows\system32\WS2_32.dll
0x000007fd4f5e0000 - 0x000007fd4f612000 	C:\Windows\SYSTEM32\WINMMBASE.dll
0x000007fd576f0000 - 0x000007fd576f9000 	C:\Windows\system32\NSI.dll
0x00000000747d0000 - 0x00000000747df000 	C:\Program Files\Java\jre7\bin\verify.dll
0x00000000747a0000 - 0x00000000747c8000 	C:\Program Files\Java\jre7\bin\java.dll
0x0000000074780000 - 0x0000000074795000 	C:\Program Files\Java\jre7\bin\zip.dll
0x000007fd38390000 - 0x000007fd38c38000 	F:\OpenCV\opencv\build\java\x64\opencv_java248.dll
0x000007fd46730000 - 0x000007fd46750000 	C:\Windows\SYSTEM32\AVIFIL32.dll
0x000007fd46700000 - 0x000007fd46729000 	C:\Windows\SYSTEM32\MSVFW32.dll
0x000007fd45bd0000 - 0x000007fd45be7000 	C:\Windows\SYSTEM32\AVICAP32.dll
0x000007fd578a0000 - 0x000007fd57a1e000 	C:\Windows\system32\ole32.dll
0x000007fd59d50000 - 0x000007fd59e13000 	C:\Windows\system32\OLEAUT32.dll
0x000007fd45bb0000 - 0x000007fd45bc9000 	C:\Windows\SYSTEM32\MSACM32.dll
0x000007fd57e20000 - 0x000007fd590ff000 	C:\Windows\system32\SHELL32.dll
0x000007fd548d0000 - 0x000007fd548d9000 	C:\Windows\SYSTEM32\VERSION.dll
0x000007fd59ba0000 - 0x000007fd59d50000 	C:\Windows\SYSTEM32\combase.dll
0x000007fd591f0000 - 0x000007fd59240000 	C:\Windows\system32\SHLWAPI.dll
0x00000000745a0000 - 0x0000000074735000 	C:\Program Files\Java\jre7\bin\awt.dll
0x000007fd51160000 - 0x000007fd511ff000 	C:\Windows\system32\apphelp.dll
0x000007fd54fb0000 - 0x000007fd54fd1000 	C:\Windows\system32\DWMAPI.DLL
0x000007fd55cc0000 - 0x000007fd55da6000 	C:\Windows\system32\uxtheme.dll
0x000007fd56c70000 - 0x000007fd56c7a000 	C:\Windows\SYSTEM32\CRYPTBASE.dll
0x000007fd56c10000 - 0x000007fd56c6c000 	C:\Windows\SYSTEM32\bcryptPrimitives.dll
0x000007fd548f0000 - 0x000007fd54986000 	C:\Windows\SYSTEM32\shcore.dll
0x000007fd59100000 - 0x000007fd59196000 	C:\Windows\SYSTEM32\clbcatq.dll
0x000007fd45b70000 - 0x000007fd45b87000 	C:\Windows\System32\devenum.dll
0x000007fd573d0000 - 0x000007fd575a0000 	C:\Windows\system32\setupapi.dll
0x000007fd56f90000 - 0x000007fd56fdf000 	C:\Windows\system32\CFGMGR32.dll
0x000007fd56f60000 - 0x000007fd56f82000 	C:\Windows\system32\DEVOBJ.dll
0x000007fd52290000 - 0x000007fd522be000 	C:\Windows\SYSTEM32\ntmarta.dll
0x000007fd56f00000 - 0x000007fd56f55000 	C:\Windows\system32\WINTRUST.dll
0x000007fd57090000 - 0x000007fd57261000 	C:\Windows\system32\CRYPT32.dll
0x000007fd56ee0000 - 0x000007fd56ef6000 	C:\Windows\system32\MSASN1.dll
0x000007fd466d0000 - 0x000007fd466dd000 	C:\Windows\SYSTEM32\msdmo.dll
0x000007fd45b40000 - 0x000007fd45b6f000 	C:\Windows\System32\qcap.dll
0x000007fd3bbe0000 - 0x000007fd3bd98000 	C:\Windows\System32\quartz.dll
0x000007fd44b20000 - 0x000007fd44b5f000 	C:\Windows\System32\ksproxy.ax
0x000007fd452b0000 - 0x000007fd452b7000 	C:\Windows\System32\ksuser.dll
0x000007fd43c20000 - 0x000007fd43e20000 	C:\Windows\System32\d3d9.dll
0x000007fd45b30000 - 0x000007fd45b3c000 	C:\Windows\System32\vidcap.ax
0x0000000180000000 - 0x0000000180064000 	C:\Windows\SYSTEM32\vsnp2uvc.dll
0x000007fd508d0000 - 0x000007fd5094d000 	C:\Windows\SYSTEM32\WINSPOOL.DRV
0x000007fd424f0000 - 0x000007fd42514000 	C:\Windows\System32\kswdmcap.ax
0x000007fd3b3f0000 - 0x000007fd3b544000 	C:\Windows\System32\MFC42.dll
0x000007fd522c0000 - 0x000007fd5237e000 	C:\Windows\System32\ODBC32.dll
0x000007fd41b10000 - 0x000007fd41ba5000 	C:\Windows\System32\qedit.dll
0x000007fd59330000 - 0x000007fd593d1000 	C:\Windows\system32\COMDLG32.dll
0x000007fd4f0b0000 - 0x000007fd4f250000 	C:\Windows\WinSxS\amd64_microsoft.windows.gdiplus_6595b64144ccf1df_1.1.9200.16518_none_726fbfe0cc22f012\gdiplus.dll
0x000007fd3baf0000 - 0x000007fd3bbda000 	C:\Windows\SYSTEM32\DDRAW.dll
0x000007fd45b20000 - 0x000007fd45b28000 	C:\Windows\SYSTEM32\DCIMAN32.dll
0x000007fd47440000 - 0x000007fd4744d000 	C:\Windows\SYSTEM32\atiu9p64.dll
0x000007fd566e0000 - 0x000007fd566fa000 	C:\Windows\SYSTEM32\CRYPTSP.dll
0x000007fd56360000 - 0x000007fd563ab000 	C:\Windows\system32\rsaenh.dll
0x000007fd56460000 - 0x000007fd5647f000 	C:\Windows\SYSTEM32\USERENV.dll
0x000007fd56e30000 - 0x000007fd56e45000 	C:\Windows\SYSTEM32\profapi.dll
0x0000000074760000 - 0x0000000074779000 	C:\Program Files\Java\jre7\bin\net.dll
0x000007fd56680000 - 0x000007fd566dc000 	C:\Windows\system32\mswsock.dll
0x000007fd4f520000 - 0x000007fd4f534000 	C:\Windows\system32\napinsp.dll
0x000007fd4f540000 - 0x000007fd4f558000 	C:\Windows\system32\pnrpnsp.dll
0x000007fd55850000 - 0x000007fd55866000 	C:\Windows\system32\NLAapi.dll
0x000007fd564c0000 - 0x000007fd56558000 	C:\Windows\SYSTEM32\DNSAPI.dll
0x000007fd4f560000 - 0x000007fd4f572000 	C:\Windows\System32\winrnr.dll
0x0000000075dc0000 - 0x0000000075de6000 	C:\Program Files\Bonjour\mdnsNSP.dll
0x000007fd52180000 - 0x000007fd521aa000 	C:\Windows\SYSTEM32\Iphlpapi.DLL
0x000007fd52220000 - 0x000007fd5222a000 	C:\Windows\SYSTEM32\WINNSI.DLL
0x000007fd4f590000 - 0x000007fd4f5a4000 	C:\Windows\system32\wshbth.dll
0x000007fd4f5b0000 - 0x000007fd4f5b8000 	C:\Windows\System32\rasadhlp.dll
0x000007fd521b0000 - 0x000007fd52211000 	C:\Windows\System32\fwpuclnt.dll
0x0000000074740000 - 0x0000000074751000 	C:\Program Files\Java\jre7\bin\nio.dll
0x0000000074570000 - 0x00000000745a0000 	C:\Program Files\Java\jre7\bin\jpeg.dll
0x0000000074530000 - 0x000000007456f000 	C:\Program Files\Java\jre7\bin\fontmanager.dll
0x00000000744e0000 - 0x0000000074521000 	C:\Program Files\Java\jre7\bin\t2k.dll
0x000007fd4bc60000 - 0x000007fd4bdc3000 	C:\Windows\SYSTEM32\dbghelp.dll

VM Arguments:
jvm_args: -Djava.library.path=F:\OpenCV\opencv\build\java\x64 -Dfile.encoding=Cp1250 
java_command: test.Matrix
Launcher Type: SUN_STANDARD

Environment Variables:
JAVA_HOME=F:\Bakalarka\jdk1.6.0_24
CLASSPATH=.;C:\Program Files (x86)\Java\jre7\lib\ext\QTJava.zip
PATH=C:\Program Files (x86)\RSA SecurID Token Common;c:\Program Files (x86)\AMD APP\bin\x86_64;c:\Program Files (x86)\AMD APP\bin\x86;C:\Windows\system32;C:\Windows;C:\Windows\System32\Wbem;C:\Windows\System32\WindowsPowerShell\v1.0\;C:\Program Files\Microsoft\Web Platform Installer\;C:\Program Files (x86)\Microsoft ASP.NET\ASP.NET Web Pages\v1.0\;C:\Program Files (x86)\Windows Kits\8.0\Windows Performance Toolkit\;C:\Program Files\Microsoft SQL Server\110\Tools\Binn\;c:\Program Files (x86)\ATI Technologies\ATI.ACE\Core-Static;C:\Program Files (x86)\Git\cmd;C:\Program Files (x86)\MiKTeX 2.9\miktex\bin\;C:\Program Files (x86)\Java\jre7\bin;C:\Program Files (x86)\GtkSharp\2.12\bin;C:\Program Files (x86)\Windows Live\Shared;C:\Program Files (x86)\QuickTime\QTSystem\;C:\Program Files (x86)\Tesseract-OCR;F:\Program Files\nodejs\;F:\Program Files (x86)\Subversion\bin;C:\Program Files (x86)\sbt\\bin;C:\NVPACK\android-sdk-windows\platform-tools;C:\NVPACK\android-sdk-windows\tools;C:\NVPACK\jdk1.6.0_24\bin;C:\NVPACK\cygwin\bin;C:\NVPACK\apache-ant-1.8.2\bin;F:\Bakalarka\android-sdk-windows\platform-tools;F:\Bakalarka\android-sdk-windows\tools;F:\Bakalarka\jdk1.6.0_24\bin;F:\Bakalarka\cygwin\bin;F:\Bakalarka\apache-ant-1.8.2\bin;F:\NVPACK\android-sdk-windows\platform-tools;F:\NVPACK\android-sdk-windows\tools;F:\NVPACK\jdk1.6.0_24\bin;F:\NVPACK\cygwin\bin;F:\NVPACK\apache-ant-1.8.2\bin;C:\NVPACK\python2.7;F:\Bakalarka\python2.7;C:\Users\Michal\AppData\Roaming\npm
USERNAME=Michal
OS=Windows_NT
PROCESSOR_IDENTIFIER=Intel64 Family 6 Model 42 Stepping 7, GenuineIntel



---------------  S Y S T E M  ---------------

OS: Windows 8 , 64 bit Build 9200 

CPU:total 4 (2 cores per cpu, 2 threads per core) family 6 model 42 stepping 7, cmov, cx8, fxsr, mmx, sse, sse2, sse3, ssse3, sse4.1, sse4.2, popcnt, avx, aes, ht, tsc, tscinvbit

Memory: 4k page, physical 4127084k(1233268k free), swap 9632108k(5319276k free)

vm_info: Java HotSpot(TM) 64-Bit Server VM (24.0-b56) for windows-amd64 JRE (1.7.0_40-b43), built on Aug 26 2013 22:38:32 by "java_re" with unknown MS VC++:1600

time: Fri Apr 25 09:08:04 2014
elapsed time: 1 seconds

