C:\USERS\SNOW\DOCUMENTS\VISUAL STUDIO 2012\PROJECTS\OPENCVPROJECT\OPENCVPROJECT\DEBUG\OPENCVPROJECT.PCH
C:\USERS\SNOW\DOCUMENTS\VISUAL STUDIO 2012\PROJECTS\OPENCVPROJECT\OPENCVPROJECT\DEBUG\STDAFX.OBJ
C:\USERS\SNOW\DOCUMENTS\VISUAL STUDIO 2012\PROJECTS\OPENCVPROJECT\OPENCVPROJECT\DEBUG\VC110.PDB
C:\USERS\SNOW\DOCUMENTS\VISUAL STUDIO 2012\PROJECTS\OPENCVPROJECT\OPENCVPROJECT\DEBUG\OPENCVPROJECT.OBJ
C:\USERS\SNOW\DOCUMENTS\VISUAL STUDIO 2012\PROJECTS\OPENCVPROJECT\OPENCVPROJECT\DEBUG\CLASSIFICATOR.OBJ
C:\USERS\SNOW\DOCUMENTS\VISUAL STUDIO 2012\PROJECTS\OPENCVPROJECT\OPENCVPROJECT\DEBUG\FERN.OBJ
C:\Users\Snow\documents\visual studio 2012\Projects\OpenCVProject\OpenCVProject\Debug\Classificator.obj
C:\Users\Snow\documents\visual studio 2012\Projects\OpenCVProject\OpenCVProject\Debug\Fern.obj
C:\Users\Snow\documents\visual studio 2012\Projects\OpenCVProject\OpenCVProject\Debug\OpenCVProject.obj
C:\Users\Snow\documents\visual studio 2012\Projects\OpenCVProject\OpenCVProject\Debug\stdafx.obj
C:\Users\Snow\documents\visual studio 2012\Projects\OpenCVProject\OpenCVProject\Debug\cl.command.1.tlog
C:\Users\Snow\documents\visual studio 2012\Projects\OpenCVProject\OpenCVProject\Debug\CL.read.1.tlog
C:\Users\Snow\documents\visual studio 2012\Projects\OpenCVProject\OpenCVProject\Debug\CL.write.1.tlog
C:\Users\Snow\documents\visual studio 2012\Projects\OpenCVProject\OpenCVProject\Debug\link-cvtres.read.1.tlog
C:\Users\Snow\documents\visual studio 2012\Projects\OpenCVProject\OpenCVProject\Debug\link-cvtres.write.1.tlog
C:\Users\Snow\documents\visual studio 2012\Projects\OpenCVProject\OpenCVProject\Debug\link-rc.read.1.tlog
C:\Users\Snow\documents\visual studio 2012\Projects\OpenCVProject\OpenCVProject\Debug\link-rc.write.1.tlog
C:\Users\Snow\documents\visual studio 2012\Projects\OpenCVProject\OpenCVProject\Debug\link.1232-cvtres.read.1.tlog
C:\Users\Snow\documents\visual studio 2012\Projects\OpenCVProject\OpenCVProject\Debug\link.1232-cvtres.write.1.tlog
C:\Users\Snow\documents\visual studio 2012\Projects\OpenCVProject\OpenCVProject\Debug\link.1232-rc.read.1.tlog
C:\Users\Snow\documents\visual studio 2012\Projects\OpenCVProject\OpenCVProject\Debug\link.1232-rc.write.1.tlog
C:\Users\Snow\documents\visual studio 2012\Projects\OpenCVProject\OpenCVProject\Debug\link.1232.read.1.tlog
C:\Users\Snow\documents\visual studio 2012\Projects\OpenCVProject\OpenCVProject\Debug\link.1232.write.1.tlog
C:\Users\Snow\documents\visual studio 2012\Projects\OpenCVProject\OpenCVProject\Debug\link.1664-cvtres.read.1.tlog
C:\Users\Snow\documents\visual studio 2012\Projects\OpenCVProject\OpenCVProject\Debug\link.1664-cvtres.write.1.tlog
C:\Users\Snow\documents\visual studio 2012\Projects\OpenCVProject\OpenCVProject\Debug\link.1664-rc.read.1.tlog
C:\Users\Snow\documents\visual studio 2012\Projects\OpenCVProject\OpenCVProject\Debug\link.1664-rc.write.1.tlog
C:\Users\Snow\documents\visual studio 2012\Projects\OpenCVProject\OpenCVProject\Debug\link.1664.read.1.tlog
C:\Users\Snow\documents\visual studio 2012\Projects\OpenCVProject\OpenCVProject\Debug\link.1664.write.1.tlog
C:\Users\Snow\documents\visual studio 2012\Projects\OpenCVProject\OpenCVProject\Debug\link.1756-cvtres.read.1.tlog
C:\Users\Snow\documents\visual studio 2012\Projects\OpenCVProject\OpenCVProject\Debug\link.1756-cvtres.write.1.tlog
C:\Users\Snow\documents\visual studio 2012\Projects\OpenCVProject\OpenCVProject\Debug\link.1756-rc.read.1.tlog
C:\Users\Snow\documents\visual studio 2012\Projects\OpenCVProject\OpenCVProject\Debug\link.1756-rc.write.1.tlog
C:\Users\Snow\documents\visual studio 2012\Projects\OpenCVProject\OpenCVProject\Debug\link.1756.read.1.tlog
C:\Users\Snow\documents\visual studio 2012\Projects\OpenCVProject\OpenCVProject\Debug\link.1756.write.1.tlog
C:\Users\Snow\documents\visual studio 2012\Projects\OpenCVProject\OpenCVProject\Debug\link.2052-cvtres.read.1.tlog
C:\Users\Snow\documents\visual studio 2012\Projects\OpenCVProject\OpenCVProject\Debug\link.2052-cvtres.write.1.tlog
C:\Users\Snow\documents\visual studio 2012\Projects\OpenCVProject\OpenCVProject\Debug\link.2052-rc.read.1.tlog
C:\Users\Snow\documents\visual studio 2012\Projects\OpenCVProject\OpenCVProject\Debug\link.2052-rc.write.1.tlog
C:\Users\Snow\documents\visual studio 2012\Projects\OpenCVProject\OpenCVProject\Debug\link.2052.read.1.tlog
C:\Users\Snow\documents\visual studio 2012\Projects\OpenCVProject\OpenCVProject\Debug\link.2052.write.1.tlog
C:\Users\Snow\documents\visual studio 2012\Projects\OpenCVProject\OpenCVProject\Debug\link.2188-cvtres.read.1.tlog
C:\Users\Snow\documents\visual studio 2012\Projects\OpenCVProject\OpenCVProject\Debug\link.2188-cvtres.write.1.tlog
C:\Users\Snow\documents\visual studio 2012\Projects\OpenCVProject\OpenCVProject\Debug\link.2188-rc.read.1.tlog
C:\Users\Snow\documents\visual studio 2012\Projects\OpenCVProject\OpenCVProject\Debug\link.2188-rc.write.1.tlog
C:\Users\Snow\documents\visual studio 2012\Projects\OpenCVProject\OpenCVProject\Debug\link.2188.read.1.tlog
C:\Users\Snow\documents\visual studio 2012\Projects\OpenCVProject\OpenCVProject\Debug\link.2188.write.1.tlog
C:\Users\Snow\documents\visual studio 2012\Projects\OpenCVProject\OpenCVProject\Debug\link.2320-cvtres.read.1.tlog
C:\Users\Snow\documents\visual studio 2012\Projects\OpenCVProject\OpenCVProject\Debug\link.2320-cvtres.write.1.tlog
C:\Users\Snow\documents\visual studio 2012\Projects\OpenCVProject\OpenCVProject\Debug\link.2320-rc.read.1.tlog
C:\Users\Snow\documents\visual studio 2012\Projects\OpenCVProject\OpenCVProject\Debug\link.2320-rc.write.1.tlog
C:\Users\Snow\documents\visual studio 2012\Projects\OpenCVProject\OpenCVProject\Debug\link.2320.read.1.tlog
C:\Users\Snow\documents\visual studio 2012\Projects\OpenCVProject\OpenCVProject\Debug\link.2320.write.1.tlog
C:\Users\Snow\documents\visual studio 2012\Projects\OpenCVProject\OpenCVProject\Debug\link.2596-cvtres.read.1.tlog
C:\Users\Snow\documents\visual studio 2012\Projects\OpenCVProject\OpenCVProject\Debug\link.2596-cvtres.write.1.tlog
C:\Users\Snow\documents\visual studio 2012\Projects\OpenCVProject\OpenCVProject\Debug\link.2596-rc.read.1.tlog
C:\Users\Snow\documents\visual studio 2012\Projects\OpenCVProject\OpenCVProject\Debug\link.2596-rc.write.1.tlog
C:\Users\Snow\documents\visual studio 2012\Projects\OpenCVProject\OpenCVProject\Debug\link.2596.read.1.tlog
C:\Users\Snow\documents\visual studio 2012\Projects\OpenCVProject\OpenCVProject\Debug\link.2596.write.1.tlog
C:\Users\Snow\documents\visual studio 2012\Projects\OpenCVProject\OpenCVProject\Debug\link.2744-cvtres.read.1.tlog
C:\Users\Snow\documents\visual studio 2012\Projects\OpenCVProject\OpenCVProject\Debug\link.2744-cvtres.write.1.tlog
C:\Users\Snow\documents\visual studio 2012\Projects\OpenCVProject\OpenCVProject\Debug\link.2744-rc.read.1.tlog
C:\Users\Snow\documents\visual studio 2012\Projects\OpenCVProject\OpenCVProject\Debug\link.2744-rc.write.1.tlog
C:\Users\Snow\documents\visual studio 2012\Projects\OpenCVProject\OpenCVProject\Debug\link.2744.read.1.tlog
C:\Users\Snow\documents\visual studio 2012\Projects\OpenCVProject\OpenCVProject\Debug\link.2744.write.1.tlog
C:\Users\Snow\documents\visual studio 2012\Projects\OpenCVProject\OpenCVProject\Debug\link.2828-cvtres.read.1.tlog
C:\Users\Snow\documents\visual studio 2012\Projects\OpenCVProject\OpenCVProject\Debug\link.2828-cvtres.write.1.tlog
C:\Users\Snow\documents\visual studio 2012\Projects\OpenCVProject\OpenCVProject\Debug\link.2828-rc.read.1.tlog
C:\Users\Snow\documents\visual studio 2012\Projects\OpenCVProject\OpenCVProject\Debug\link.2828-rc.write.1.tlog
C:\Users\Snow\documents\visual studio 2012\Projects\OpenCVProject\OpenCVProject\Debug\link.2828.read.1.tlog
C:\Users\Snow\documents\visual studio 2012\Projects\OpenCVProject\OpenCVProject\Debug\link.2828.write.1.tlog
C:\Users\Snow\documents\visual studio 2012\Projects\OpenCVProject\OpenCVProject\Debug\link.2996-cvtres.read.1.tlog
C:\Users\Snow\documents\visual studio 2012\Projects\OpenCVProject\OpenCVProject\Debug\link.2996-cvtres.write.1.tlog
C:\Users\Snow\documents\visual studio 2012\Projects\OpenCVProject\OpenCVProject\Debug\link.2996-rc.read.1.tlog
C:\Users\Snow\documents\visual studio 2012\Projects\OpenCVProject\OpenCVProject\Debug\link.2996-rc.write.1.tlog
C:\Users\Snow\documents\visual studio 2012\Projects\OpenCVProject\OpenCVProject\Debug\link.2996.read.1.tlog
C:\Users\Snow\documents\visual studio 2012\Projects\OpenCVProject\OpenCVProject\Debug\link.2996.write.1.tlog
C:\Users\Snow\documents\visual studio 2012\Projects\OpenCVProject\OpenCVProject\Debug\link.3056-cvtres.read.1.tlog
C:\Users\Snow\documents\visual studio 2012\Projects\OpenCVProject\OpenCVProject\Debug\link.3056-cvtres.write.1.tlog
C:\Users\Snow\documents\visual studio 2012\Projects\OpenCVProject\OpenCVProject\Debug\link.3056-rc.read.1.tlog
C:\Users\Snow\documents\visual studio 2012\Projects\OpenCVProject\OpenCVProject\Debug\link.3056-rc.write.1.tlog
C:\Users\Snow\documents\visual studio 2012\Projects\OpenCVProject\OpenCVProject\Debug\link.3056.read.1.tlog
C:\Users\Snow\documents\visual studio 2012\Projects\OpenCVProject\OpenCVProject\Debug\link.3056.write.1.tlog
C:\Users\Snow\documents\visual studio 2012\Projects\OpenCVProject\OpenCVProject\Debug\link.3084-cvtres.read.1.tlog
C:\Users\Snow\documents\visual studio 2012\Projects\OpenCVProject\OpenCVProject\Debug\link.3084-cvtres.write.1.tlog
C:\Users\Snow\documents\visual studio 2012\Projects\OpenCVProject\OpenCVProject\Debug\link.3084-rc.read.1.tlog
C:\Users\Snow\documents\visual studio 2012\Projects\OpenCVProject\OpenCVProject\Debug\link.3084-rc.write.1.tlog
C:\Users\Snow\documents\visual studio 2012\Projects\OpenCVProject\OpenCVProject\Debug\link.3084.read.1.tlog
C:\Users\Snow\documents\visual studio 2012\Projects\OpenCVProject\OpenCVProject\Debug\link.3084.write.1.tlog
C:\Users\Snow\documents\visual studio 2012\Projects\OpenCVProject\OpenCVProject\Debug\link.3184-cvtres.read.1.tlog
C:\Users\Snow\documents\visual studio 2012\Projects\OpenCVProject\OpenCVProject\Debug\link.3184-cvtres.write.1.tlog
C:\Users\Snow\documents\visual studio 2012\Projects\OpenCVProject\OpenCVProject\Debug\link.3184-rc.read.1.tlog
C:\Users\Snow\documents\visual studio 2012\Projects\OpenCVProject\OpenCVProject\Debug\link.3184-rc.write.1.tlog
C:\Users\Snow\documents\visual studio 2012\Projects\OpenCVProject\OpenCVProject\Debug\link.3184.read.1.tlog
C:\Users\Snow\documents\visual studio 2012\Projects\OpenCVProject\OpenCVProject\Debug\link.3184.write.1.tlog
C:\Users\Snow\documents\visual studio 2012\Projects\OpenCVProject\OpenCVProject\Debug\link.3276-cvtres.read.1.tlog
C:\Users\Snow\documents\visual studio 2012\Projects\OpenCVProject\OpenCVProject\Debug\link.3276-cvtres.write.1.tlog
C:\Users\Snow\documents\visual studio 2012\Projects\OpenCVProject\OpenCVProject\Debug\link.3276-rc.read.1.tlog
C:\Users\Snow\documents\visual studio 2012\Projects\OpenCVProject\OpenCVProject\Debug\link.3276-rc.write.1.tlog
C:\Users\Snow\documents\visual studio 2012\Projects\OpenCVProject\OpenCVProject\Debug\link.3276.read.1.tlog
C:\Users\Snow\documents\visual studio 2012\Projects\OpenCVProject\OpenCVProject\Debug\link.3276.write.1.tlog
C:\Users\Snow\documents\visual studio 2012\Projects\OpenCVProject\OpenCVProject\Debug\link.3388-cvtres.read.1.tlog
C:\Users\Snow\documents\visual studio 2012\Projects\OpenCVProject\OpenCVProject\Debug\link.3388-cvtres.write.1.tlog
C:\Users\Snow\documents\visual studio 2012\Projects\OpenCVProject\OpenCVProject\Debug\link.3388-rc.read.1.tlog
C:\Users\Snow\documents\visual studio 2012\Projects\OpenCVProject\OpenCVProject\Debug\link.3388-rc.write.1.tlog
C:\Users\Snow\documents\visual studio 2012\Projects\OpenCVProject\OpenCVProject\Debug\link.3388.read.1.tlog
C:\Users\Snow\documents\visual studio 2012\Projects\OpenCVProject\OpenCVProject\Debug\link.3388.write.1.tlog
C:\Users\Snow\documents\visual studio 2012\Projects\OpenCVProject\OpenCVProject\Debug\link.3504-cvtres.read.1.tlog
C:\Users\Snow\documents\visual studio 2012\Projects\OpenCVProject\OpenCVProject\Debug\link.3504-cvtres.write.1.tlog
C:\Users\Snow\documents\visual studio 2012\Projects\OpenCVProject\OpenCVProject\Debug\link.3504-rc.read.1.tlog
C:\Users\Snow\documents\visual studio 2012\Projects\OpenCVProject\OpenCVProject\Debug\link.3504-rc.write.1.tlog
C:\Users\Snow\documents\visual studio 2012\Projects\OpenCVProject\OpenCVProject\Debug\link.3504.read.1.tlog
C:\Users\Snow\documents\visual studio 2012\Projects\OpenCVProject\OpenCVProject\Debug\link.3504.write.1.tlog
C:\Users\Snow\documents\visual studio 2012\Projects\OpenCVProject\OpenCVProject\Debug\link.3656-cvtres.read.1.tlog
C:\Users\Snow\documents\visual studio 2012\Projects\OpenCVProject\OpenCVProject\Debug\link.3656-cvtres.write.1.tlog
C:\Users\Snow\documents\visual studio 2012\Projects\OpenCVProject\OpenCVProject\Debug\link.3656-rc.read.1.tlog
C:\Users\Snow\documents\visual studio 2012\Projects\OpenCVProject\OpenCVProject\Debug\link.3656-rc.write.1.tlog
C:\Users\Snow\documents\visual studio 2012\Projects\OpenCVProject\OpenCVProject\Debug\link.3656.read.1.tlog
C:\Users\Snow\documents\visual studio 2012\Projects\OpenCVProject\OpenCVProject\Debug\link.3656.write.1.tlog
C:\Users\Snow\documents\visual studio 2012\Projects\OpenCVProject\OpenCVProject\Debug\link.3720-cvtres.read.1.tlog
C:\Users\Snow\documents\visual studio 2012\Projects\OpenCVProject\OpenCVProject\Debug\link.3720-cvtres.write.1.tlog
C:\Users\Snow\documents\visual studio 2012\Projects\OpenCVProject\OpenCVProject\Debug\link.3720-rc.read.1.tlog
C:\Users\Snow\documents\visual studio 2012\Projects\OpenCVProject\OpenCVProject\Debug\link.3720-rc.write.1.tlog
C:\Users\Snow\documents\visual studio 2012\Projects\OpenCVProject\OpenCVProject\Debug\link.3720.read.1.tlog
C:\Users\Snow\documents\visual studio 2012\Projects\OpenCVProject\OpenCVProject\Debug\link.3720.write.1.tlog
C:\Users\Snow\documents\visual studio 2012\Projects\OpenCVProject\OpenCVProject\Debug\link.3848-cvtres.read.1.tlog
C:\Users\Snow\documents\visual studio 2012\Projects\OpenCVProject\OpenCVProject\Debug\link.3848-cvtres.write.1.tlog
C:\Users\Snow\documents\visual studio 2012\Projects\OpenCVProject\OpenCVProject\Debug\link.3848-rc.read.1.tlog
C:\Users\Snow\documents\visual studio 2012\Projects\OpenCVProject\OpenCVProject\Debug\link.3848-rc.write.1.tlog
C:\Users\Snow\documents\visual studio 2012\Projects\OpenCVProject\OpenCVProject\Debug\link.3848.read.1.tlog
C:\Users\Snow\documents\visual studio 2012\Projects\OpenCVProject\OpenCVProject\Debug\link.3848.write.1.tlog
C:\Users\Snow\documents\visual studio 2012\Projects\OpenCVProject\OpenCVProject\Debug\link.3936-cvtres.read.1.tlog
C:\Users\Snow\documents\visual studio 2012\Projects\OpenCVProject\OpenCVProject\Debug\link.3936-cvtres.write.1.tlog
C:\Users\Snow\documents\visual studio 2012\Projects\OpenCVProject\OpenCVProject\Debug\link.3936-rc.read.1.tlog
C:\Users\Snow\documents\visual studio 2012\Projects\OpenCVProject\OpenCVProject\Debug\link.3936-rc.write.1.tlog
C:\Users\Snow\documents\visual studio 2012\Projects\OpenCVProject\OpenCVProject\Debug\link.3936.read.1.tlog
C:\Users\Snow\documents\visual studio 2012\Projects\OpenCVProject\OpenCVProject\Debug\link.3936.write.1.tlog
C:\Users\Snow\documents\visual studio 2012\Projects\OpenCVProject\OpenCVProject\Debug\link.3980-cvtres.read.1.tlog
C:\Users\Snow\documents\visual studio 2012\Projects\OpenCVProject\OpenCVProject\Debug\link.3980-cvtres.write.1.tlog
C:\Users\Snow\documents\visual studio 2012\Projects\OpenCVProject\OpenCVProject\Debug\link.3980-rc.read.1.tlog
C:\Users\Snow\documents\visual studio 2012\Projects\OpenCVProject\OpenCVProject\Debug\link.3980-rc.write.1.tlog
C:\Users\Snow\documents\visual studio 2012\Projects\OpenCVProject\OpenCVProject\Debug\link.3980.read.1.tlog
C:\Users\Snow\documents\visual studio 2012\Projects\OpenCVProject\OpenCVProject\Debug\link.3980.write.1.tlog
C:\Users\Snow\documents\visual studio 2012\Projects\OpenCVProject\OpenCVProject\Debug\link.4012-cvtres.read.1.tlog
C:\Users\Snow\documents\visual studio 2012\Projects\OpenCVProject\OpenCVProject\Debug\link.4012-cvtres.write.1.tlog
C:\Users\Snow\documents\visual studio 2012\Projects\OpenCVProject\OpenCVProject\Debug\link.4012-rc.read.1.tlog
C:\Users\Snow\documents\visual studio 2012\Projects\OpenCVProject\OpenCVProject\Debug\link.4012-rc.write.1.tlog
C:\Users\Snow\documents\visual studio 2012\Projects\OpenCVProject\OpenCVProject\Debug\link.4012.read.1.tlog
C:\Users\Snow\documents\visual studio 2012\Projects\OpenCVProject\OpenCVProject\Debug\link.4012.write.1.tlog
C:\Users\Snow\documents\visual studio 2012\Projects\OpenCVProject\OpenCVProject\Debug\link.4272-cvtres.read.1.tlog
C:\Users\Snow\documents\visual studio 2012\Projects\OpenCVProject\OpenCVProject\Debug\link.4272-cvtres.write.1.tlog
C:\Users\Snow\documents\visual studio 2012\Projects\OpenCVProject\OpenCVProject\Debug\link.4272-rc.read.1.tlog
C:\Users\Snow\documents\visual studio 2012\Projects\OpenCVProject\OpenCVProject\Debug\link.4272-rc.write.1.tlog
C:\Users\Snow\documents\visual studio 2012\Projects\OpenCVProject\OpenCVProject\Debug\link.4272.read.1.tlog
C:\Users\Snow\documents\visual studio 2012\Projects\OpenCVProject\OpenCVProject\Debug\link.4272.write.1.tlog
C:\Users\Snow\documents\visual studio 2012\Projects\OpenCVProject\OpenCVProject\Debug\link.4468-cvtres.read.1.tlog
C:\Users\Snow\documents\visual studio 2012\Projects\OpenCVProject\OpenCVProject\Debug\link.4468-cvtres.write.1.tlog
C:\Users\Snow\documents\visual studio 2012\Projects\OpenCVProject\OpenCVProject\Debug\link.4468-rc.read.1.tlog
C:\Users\Snow\documents\visual studio 2012\Projects\OpenCVProject\OpenCVProject\Debug\link.4468-rc.write.1.tlog
C:\Users\Snow\documents\visual studio 2012\Projects\OpenCVProject\OpenCVProject\Debug\link.4468.read.1.tlog
C:\Users\Snow\documents\visual studio 2012\Projects\OpenCVProject\OpenCVProject\Debug\link.4468.write.1.tlog
C:\Users\Snow\documents\visual studio 2012\Projects\OpenCVProject\OpenCVProject\Debug\link.4612-cvtres.read.1.tlog
C:\Users\Snow\documents\visual studio 2012\Projects\OpenCVProject\OpenCVProject\Debug\link.4612-cvtres.write.1.tlog
C:\Users\Snow\documents\visual studio 2012\Projects\OpenCVProject\OpenCVProject\Debug\link.4612-rc.read.1.tlog
C:\Users\Snow\documents\visual studio 2012\Projects\OpenCVProject\OpenCVProject\Debug\link.4612-rc.write.1.tlog
C:\Users\Snow\documents\visual studio 2012\Projects\OpenCVProject\OpenCVProject\Debug\link.4612.read.1.tlog
C:\Users\Snow\documents\visual studio 2012\Projects\OpenCVProject\OpenCVProject\Debug\link.4612.write.1.tlog
C:\Users\Snow\documents\visual studio 2012\Projects\OpenCVProject\OpenCVProject\Debug\link.4616-cvtres.read.1.tlog
C:\Users\Snow\documents\visual studio 2012\Projects\OpenCVProject\OpenCVProject\Debug\link.4616-cvtres.write.1.tlog
C:\Users\Snow\documents\visual studio 2012\Projects\OpenCVProject\OpenCVProject\Debug\link.4616-rc.read.1.tlog
C:\Users\Snow\documents\visual studio 2012\Projects\OpenCVProject\OpenCVProject\Debug\link.4616-rc.write.1.tlog
C:\Users\Snow\documents\visual studio 2012\Projects\OpenCVProject\OpenCVProject\Debug\link.4616.read.1.tlog
C:\Users\Snow\documents\visual studio 2012\Projects\OpenCVProject\OpenCVProject\Debug\link.4616.write.1.tlog
C:\Users\Snow\documents\visual studio 2012\Projects\OpenCVProject\OpenCVProject\Debug\link.4688-cvtres.read.1.tlog
C:\Users\Snow\documents\visual studio 2012\Projects\OpenCVProject\OpenCVProject\Debug\link.4688-cvtres.write.1.tlog
C:\Users\Snow\documents\visual studio 2012\Projects\OpenCVProject\OpenCVProject\Debug\link.4688-rc.read.1.tlog
C:\Users\Snow\documents\visual studio 2012\Projects\OpenCVProject\OpenCVProject\Debug\link.4688-rc.write.1.tlog
C:\Users\Snow\documents\visual studio 2012\Projects\OpenCVProject\OpenCVProject\Debug\link.4688.read.1.tlog
C:\Users\Snow\documents\visual studio 2012\Projects\OpenCVProject\OpenCVProject\Debug\link.4688.write.1.tlog
C:\Users\Snow\documents\visual studio 2012\Projects\OpenCVProject\OpenCVProject\Debug\link.4868-cvtres.read.1.tlog
C:\Users\Snow\documents\visual studio 2012\Projects\OpenCVProject\OpenCVProject\Debug\link.4868-cvtres.write.1.tlog
C:\Users\Snow\documents\visual studio 2012\Projects\OpenCVProject\OpenCVProject\Debug\link.4868-rc.read.1.tlog
C:\Users\Snow\documents\visual studio 2012\Projects\OpenCVProject\OpenCVProject\Debug\link.4868-rc.write.1.tlog
C:\Users\Snow\documents\visual studio 2012\Projects\OpenCVProject\OpenCVProject\Debug\link.4868.read.1.tlog
C:\Users\Snow\documents\visual studio 2012\Projects\OpenCVProject\OpenCVProject\Debug\link.4868.write.1.tlog
C:\Users\Snow\documents\visual studio 2012\Projects\OpenCVProject\OpenCVProject\Debug\link.4884-cvtres.read.1.tlog
C:\Users\Snow\documents\visual studio 2012\Projects\OpenCVProject\OpenCVProject\Debug\link.4884-cvtres.write.1.tlog
C:\Users\Snow\documents\visual studio 2012\Projects\OpenCVProject\OpenCVProject\Debug\link.4884-rc.read.1.tlog
C:\Users\Snow\documents\visual studio 2012\Projects\OpenCVProject\OpenCVProject\Debug\link.4884-rc.write.1.tlog
C:\Users\Snow\documents\visual studio 2012\Projects\OpenCVProject\OpenCVProject\Debug\link.4884.read.1.tlog
C:\Users\Snow\documents\visual studio 2012\Projects\OpenCVProject\OpenCVProject\Debug\link.4884.write.1.tlog
C:\Users\Snow\documents\visual studio 2012\Projects\OpenCVProject\OpenCVProject\Debug\link.4896-cvtres.read.1.tlog
C:\Users\Snow\documents\visual studio 2012\Projects\OpenCVProject\OpenCVProject\Debug\link.4896-cvtres.write.1.tlog
C:\Users\Snow\documents\visual studio 2012\Projects\OpenCVProject\OpenCVProject\Debug\link.4896-rc.read.1.tlog
C:\Users\Snow\documents\visual studio 2012\Projects\OpenCVProject\OpenCVProject\Debug\link.4896-rc.write.1.tlog
C:\Users\Snow\documents\visual studio 2012\Projects\OpenCVProject\OpenCVProject\Debug\link.4896.read.1.tlog
C:\Users\Snow\documents\visual studio 2012\Projects\OpenCVProject\OpenCVProject\Debug\link.4896.write.1.tlog
C:\Users\Snow\documents\visual studio 2012\Projects\OpenCVProject\OpenCVProject\Debug\link.4908-cvtres.read.1.tlog
C:\Users\Snow\documents\visual studio 2012\Projects\OpenCVProject\OpenCVProject\Debug\link.4908-cvtres.write.1.tlog
C:\Users\Snow\documents\visual studio 2012\Projects\OpenCVProject\OpenCVProject\Debug\link.4908-rc.read.1.tlog
C:\Users\Snow\documents\visual studio 2012\Projects\OpenCVProject\OpenCVProject\Debug\link.4908-rc.write.1.tlog
C:\Users\Snow\documents\visual studio 2012\Projects\OpenCVProject\OpenCVProject\Debug\link.4908.read.1.tlog
C:\Users\Snow\documents\visual studio 2012\Projects\OpenCVProject\OpenCVProject\Debug\link.4908.write.1.tlog
C:\Users\Snow\documents\visual studio 2012\Projects\OpenCVProject\OpenCVProject\Debug\link.5040-cvtres.read.1.tlog
C:\Users\Snow\documents\visual studio 2012\Projects\OpenCVProject\OpenCVProject\Debug\link.5040-cvtres.write.1.tlog
C:\Users\Snow\documents\visual studio 2012\Projects\OpenCVProject\OpenCVProject\Debug\link.5040-rc.read.1.tlog
C:\Users\Snow\documents\visual studio 2012\Projects\OpenCVProject\OpenCVProject\Debug\link.5040-rc.write.1.tlog
C:\Users\Snow\documents\visual studio 2012\Projects\OpenCVProject\OpenCVProject\Debug\link.5040.read.1.tlog
C:\Users\Snow\documents\visual studio 2012\Projects\OpenCVProject\OpenCVProject\Debug\link.5040.write.1.tlog
C:\Users\Snow\documents\visual studio 2012\Projects\OpenCVProject\OpenCVProject\Debug\link.5180-cvtres.read.1.tlog
C:\Users\Snow\documents\visual studio 2012\Projects\OpenCVProject\OpenCVProject\Debug\link.5180-cvtres.write.1.tlog
C:\Users\Snow\documents\visual studio 2012\Projects\OpenCVProject\OpenCVProject\Debug\link.5180-rc.read.1.tlog
C:\Users\Snow\documents\visual studio 2012\Projects\OpenCVProject\OpenCVProject\Debug\link.5180-rc.write.1.tlog
C:\Users\Snow\documents\visual studio 2012\Projects\OpenCVProject\OpenCVProject\Debug\link.5180.read.1.tlog
C:\Users\Snow\documents\visual studio 2012\Projects\OpenCVProject\OpenCVProject\Debug\link.5180.write.1.tlog
C:\Users\Snow\documents\visual studio 2012\Projects\OpenCVProject\OpenCVProject\Debug\link.5376-cvtres.read.1.tlog
C:\Users\Snow\documents\visual studio 2012\Projects\OpenCVProject\OpenCVProject\Debug\link.5376-cvtres.write.1.tlog
C:\Users\Snow\documents\visual studio 2012\Projects\OpenCVProject\OpenCVProject\Debug\link.5376-rc.read.1.tlog
C:\Users\Snow\documents\visual studio 2012\Projects\OpenCVProject\OpenCVProject\Debug\link.5376-rc.write.1.tlog
C:\Users\Snow\documents\visual studio 2012\Projects\OpenCVProject\OpenCVProject\Debug\link.5376.read.1.tlog
C:\Users\Snow\documents\visual studio 2012\Projects\OpenCVProject\OpenCVProject\Debug\link.5376.write.1.tlog
C:\Users\Snow\documents\visual studio 2012\Projects\OpenCVProject\OpenCVProject\Debug\link.5416-cvtres.read.1.tlog
C:\Users\Snow\documents\visual studio 2012\Projects\OpenCVProject\OpenCVProject\Debug\link.5416-cvtres.write.1.tlog
C:\Users\Snow\documents\visual studio 2012\Projects\OpenCVProject\OpenCVProject\Debug\link.5416-rc.read.1.tlog
C:\Users\Snow\documents\visual studio 2012\Projects\OpenCVProject\OpenCVProject\Debug\link.5416-rc.write.1.tlog
C:\Users\Snow\documents\visual studio 2012\Projects\OpenCVProject\OpenCVProject\Debug\link.5416.read.1.tlog
C:\Users\Snow\documents\visual studio 2012\Projects\OpenCVProject\OpenCVProject\Debug\link.5416.write.1.tlog
C:\Users\Snow\documents\visual studio 2012\Projects\OpenCVProject\OpenCVProject\Debug\link.5524-cvtres.read.1.tlog
C:\Users\Snow\documents\visual studio 2012\Projects\OpenCVProject\OpenCVProject\Debug\link.5524-cvtres.write.1.tlog
C:\Users\Snow\documents\visual studio 2012\Projects\OpenCVProject\OpenCVProject\Debug\link.5524-rc.read.1.tlog
C:\Users\Snow\documents\visual studio 2012\Projects\OpenCVProject\OpenCVProject\Debug\link.5524-rc.write.1.tlog
C:\Users\Snow\documents\visual studio 2012\Projects\OpenCVProject\OpenCVProject\Debug\link.5524.read.1.tlog
C:\Users\Snow\documents\visual studio 2012\Projects\OpenCVProject\OpenCVProject\Debug\link.5524.write.1.tlog
C:\Users\Snow\documents\visual studio 2012\Projects\OpenCVProject\OpenCVProject\Debug\link.5556-cvtres.read.1.tlog
C:\Users\Snow\documents\visual studio 2012\Projects\OpenCVProject\OpenCVProject\Debug\link.5556-cvtres.write.1.tlog
C:\Users\Snow\documents\visual studio 2012\Projects\OpenCVProject\OpenCVProject\Debug\link.5556-rc.read.1.tlog
C:\Users\Snow\documents\visual studio 2012\Projects\OpenCVProject\OpenCVProject\Debug\link.5556-rc.write.1.tlog
C:\Users\Snow\documents\visual studio 2012\Projects\OpenCVProject\OpenCVProject\Debug\link.5556.read.1.tlog
C:\Users\Snow\documents\visual studio 2012\Projects\OpenCVProject\OpenCVProject\Debug\link.5556.write.1.tlog
C:\Users\Snow\documents\visual studio 2012\Projects\OpenCVProject\OpenCVProject\Debug\link.5688-cvtres.read.1.tlog
C:\Users\Snow\documents\visual studio 2012\Projects\OpenCVProject\OpenCVProject\Debug\link.5688-cvtres.write.1.tlog
C:\Users\Snow\documents\visual studio 2012\Projects\OpenCVProject\OpenCVProject\Debug\link.5688-rc.read.1.tlog
C:\Users\Snow\documents\visual studio 2012\Projects\OpenCVProject\OpenCVProject\Debug\link.5688-rc.write.1.tlog
C:\Users\Snow\documents\visual studio 2012\Projects\OpenCVProject\OpenCVProject\Debug\link.5688.read.1.tlog
C:\Users\Snow\documents\visual studio 2012\Projects\OpenCVProject\OpenCVProject\Debug\link.5688.write.1.tlog
C:\Users\Snow\documents\visual studio 2012\Projects\OpenCVProject\OpenCVProject\Debug\link.5792-cvtres.read.1.tlog
C:\Users\Snow\documents\visual studio 2012\Projects\OpenCVProject\OpenCVProject\Debug\link.5792-cvtres.write.1.tlog
C:\Users\Snow\documents\visual studio 2012\Projects\OpenCVProject\OpenCVProject\Debug\link.5792-rc.read.1.tlog
C:\Users\Snow\documents\visual studio 2012\Projects\OpenCVProject\OpenCVProject\Debug\link.5792-rc.write.1.tlog
C:\Users\Snow\documents\visual studio 2012\Projects\OpenCVProject\OpenCVProject\Debug\link.5792.read.1.tlog
C:\Users\Snow\documents\visual studio 2012\Projects\OpenCVProject\OpenCVProject\Debug\link.5792.write.1.tlog
C:\Users\Snow\documents\visual studio 2012\Projects\OpenCVProject\OpenCVProject\Debug\link.5824-cvtres.read.1.tlog
C:\Users\Snow\documents\visual studio 2012\Projects\OpenCVProject\OpenCVProject\Debug\link.5824-cvtres.write.1.tlog
C:\Users\Snow\documents\visual studio 2012\Projects\OpenCVProject\OpenCVProject\Debug\link.5824-rc.read.1.tlog
C:\Users\Snow\documents\visual studio 2012\Projects\OpenCVProject\OpenCVProject\Debug\link.5824-rc.write.1.tlog
C:\Users\Snow\documents\visual studio 2012\Projects\OpenCVProject\OpenCVProject\Debug\link.5824.read.1.tlog
C:\Users\Snow\documents\visual studio 2012\Projects\OpenCVProject\OpenCVProject\Debug\link.5824.write.1.tlog
C:\Users\Snow\documents\visual studio 2012\Projects\OpenCVProject\OpenCVProject\Debug\link.596-cvtres.read.1.tlog
C:\Users\Snow\documents\visual studio 2012\Projects\OpenCVProject\OpenCVProject\Debug\link.596-cvtres.write.1.tlog
C:\Users\Snow\documents\visual studio 2012\Projects\OpenCVProject\OpenCVProject\Debug\link.596-rc.read.1.tlog
C:\Users\Snow\documents\visual studio 2012\Projects\OpenCVProject\OpenCVProject\Debug\link.596-rc.write.1.tlog
C:\Users\Snow\documents\visual studio 2012\Projects\OpenCVProject\OpenCVProject\Debug\link.596.read.1.tlog
C:\Users\Snow\documents\visual studio 2012\Projects\OpenCVProject\OpenCVProject\Debug\link.596.write.1.tlog
C:\Users\Snow\documents\visual studio 2012\Projects\OpenCVProject\OpenCVProject\Debug\link.6024-cvtres.read.1.tlog
C:\Users\Snow\documents\visual studio 2012\Projects\OpenCVProject\OpenCVProject\Debug\link.6024-cvtres.write.1.tlog
C:\Users\Snow\documents\visual studio 2012\Projects\OpenCVProject\OpenCVProject\Debug\link.6024-rc.read.1.tlog
C:\Users\Snow\documents\visual studio 2012\Projects\OpenCVProject\OpenCVProject\Debug\link.6024-rc.write.1.tlog
C:\Users\Snow\documents\visual studio 2012\Projects\OpenCVProject\OpenCVProject\Debug\link.6024.read.1.tlog
C:\Users\Snow\documents\visual studio 2012\Projects\OpenCVProject\OpenCVProject\Debug\link.6024.write.1.tlog
C:\Users\Snow\documents\visual studio 2012\Projects\OpenCVProject\OpenCVProject\Debug\link.6076-cvtres.read.1.tlog
C:\Users\Snow\documents\visual studio 2012\Projects\OpenCVProject\OpenCVProject\Debug\link.6076-cvtres.write.1.tlog
C:\Users\Snow\documents\visual studio 2012\Projects\OpenCVProject\OpenCVProject\Debug\link.6076-rc.read.1.tlog
C:\Users\Snow\documents\visual studio 2012\Projects\OpenCVProject\OpenCVProject\Debug\link.6076-rc.write.1.tlog
C:\Users\Snow\documents\visual studio 2012\Projects\OpenCVProject\OpenCVProject\Debug\link.6076.read.1.tlog
C:\Users\Snow\documents\visual studio 2012\Projects\OpenCVProject\OpenCVProject\Debug\link.6076.write.1.tlog
C:\Users\Snow\documents\visual studio 2012\Projects\OpenCVProject\OpenCVProject\Debug\link.6120-cvtres.read.1.tlog
C:\Users\Snow\documents\visual studio 2012\Projects\OpenCVProject\OpenCVProject\Debug\link.6120-cvtres.write.1.tlog
C:\Users\Snow\documents\visual studio 2012\Projects\OpenCVProject\OpenCVProject\Debug\link.6120-rc.read.1.tlog
C:\Users\Snow\documents\visual studio 2012\Projects\OpenCVProject\OpenCVProject\Debug\link.6120-rc.write.1.tlog
C:\Users\Snow\documents\visual studio 2012\Projects\OpenCVProject\OpenCVProject\Debug\link.6120.read.1.tlog
C:\Users\Snow\documents\visual studio 2012\Projects\OpenCVProject\OpenCVProject\Debug\link.6120.write.1.tlog
C:\Users\Snow\documents\visual studio 2012\Projects\OpenCVProject\OpenCVProject\Debug\link.648-cvtres.read.1.tlog
C:\Users\Snow\documents\visual studio 2012\Projects\OpenCVProject\OpenCVProject\Debug\link.648-cvtres.write.1.tlog
C:\Users\Snow\documents\visual studio 2012\Projects\OpenCVProject\OpenCVProject\Debug\link.648-rc.read.1.tlog
C:\Users\Snow\documents\visual studio 2012\Projects\OpenCVProject\OpenCVProject\Debug\link.648-rc.write.1.tlog
C:\Users\Snow\documents\visual studio 2012\Projects\OpenCVProject\OpenCVProject\Debug\link.648.read.1.tlog
C:\Users\Snow\documents\visual studio 2012\Projects\OpenCVProject\OpenCVProject\Debug\link.648.write.1.tlog
C:\Users\Snow\documents\visual studio 2012\Projects\OpenCVProject\OpenCVProject\Debug\link.6628-cvtres.read.1.tlog
C:\Users\Snow\documents\visual studio 2012\Projects\OpenCVProject\OpenCVProject\Debug\link.6628-cvtres.write.1.tlog
C:\Users\Snow\documents\visual studio 2012\Projects\OpenCVProject\OpenCVProject\Debug\link.6628-rc.read.1.tlog
C:\Users\Snow\documents\visual studio 2012\Projects\OpenCVProject\OpenCVProject\Debug\link.6628-rc.write.1.tlog
C:\Users\Snow\documents\visual studio 2012\Projects\OpenCVProject\OpenCVProject\Debug\link.6628.read.1.tlog
C:\Users\Snow\documents\visual studio 2012\Projects\OpenCVProject\OpenCVProject\Debug\link.6628.write.1.tlog
C:\Users\Snow\documents\visual studio 2012\Projects\OpenCVProject\OpenCVProject\Debug\link.6796-cvtres.read.1.tlog
C:\Users\Snow\documents\visual studio 2012\Projects\OpenCVProject\OpenCVProject\Debug\link.6796-cvtres.write.1.tlog
C:\Users\Snow\documents\visual studio 2012\Projects\OpenCVProject\OpenCVProject\Debug\link.6796-rc.read.1.tlog
C:\Users\Snow\documents\visual studio 2012\Projects\OpenCVProject\OpenCVProject\Debug\link.6796-rc.write.1.tlog
C:\Users\Snow\documents\visual studio 2012\Projects\OpenCVProject\OpenCVProject\Debug\link.6796.read.1.tlog
C:\Users\Snow\documents\visual studio 2012\Projects\OpenCVProject\OpenCVProject\Debug\link.6796.write.1.tlog
C:\Users\Snow\documents\visual studio 2012\Projects\OpenCVProject\OpenCVProject\Debug\link.6812-cvtres.read.1.tlog
C:\Users\Snow\documents\visual studio 2012\Projects\OpenCVProject\OpenCVProject\Debug\link.6812-cvtres.write.1.tlog
C:\Users\Snow\documents\visual studio 2012\Projects\OpenCVProject\OpenCVProject\Debug\link.6812-rc.read.1.tlog
C:\Users\Snow\documents\visual studio 2012\Projects\OpenCVProject\OpenCVProject\Debug\link.6812-rc.write.1.tlog
C:\Users\Snow\documents\visual studio 2012\Projects\OpenCVProject\OpenCVProject\Debug\link.6812.read.1.tlog
C:\Users\Snow\documents\visual studio 2012\Projects\OpenCVProject\OpenCVProject\Debug\link.6812.write.1.tlog
C:\Users\Snow\documents\visual studio 2012\Projects\OpenCVProject\OpenCVProject\Debug\link.6848-cvtres.read.1.tlog
C:\Users\Snow\documents\visual studio 2012\Projects\OpenCVProject\OpenCVProject\Debug\link.6848-cvtres.write.1.tlog
C:\Users\Snow\documents\visual studio 2012\Projects\OpenCVProject\OpenCVProject\Debug\link.6848-rc.read.1.tlog
C:\Users\Snow\documents\visual studio 2012\Projects\OpenCVProject\OpenCVProject\Debug\link.6848-rc.write.1.tlog
C:\Users\Snow\documents\visual studio 2012\Projects\OpenCVProject\OpenCVProject\Debug\link.6848.read.1.tlog
C:\Users\Snow\documents\visual studio 2012\Projects\OpenCVProject\OpenCVProject\Debug\link.6848.write.1.tlog
C:\Users\Snow\documents\visual studio 2012\Projects\OpenCVProject\OpenCVProject\Debug\link.7148-cvtres.read.1.tlog
C:\Users\Snow\documents\visual studio 2012\Projects\OpenCVProject\OpenCVProject\Debug\link.7148-cvtres.write.1.tlog
C:\Users\Snow\documents\visual studio 2012\Projects\OpenCVProject\OpenCVProject\Debug\link.7148-rc.read.1.tlog
C:\Users\Snow\documents\visual studio 2012\Projects\OpenCVProject\OpenCVProject\Debug\link.7148-rc.write.1.tlog
C:\Users\Snow\documents\visual studio 2012\Projects\OpenCVProject\OpenCVProject\Debug\link.7148.read.1.tlog
C:\Users\Snow\documents\visual studio 2012\Projects\OpenCVProject\OpenCVProject\Debug\link.7148.write.1.tlog
C:\Users\Snow\documents\visual studio 2012\Projects\OpenCVProject\OpenCVProject\Debug\link.7184-cvtres.read.1.tlog
C:\Users\Snow\documents\visual studio 2012\Projects\OpenCVProject\OpenCVProject\Debug\link.7184-cvtres.write.1.tlog
C:\Users\Snow\documents\visual studio 2012\Projects\OpenCVProject\OpenCVProject\Debug\link.7184-rc.read.1.tlog
C:\Users\Snow\documents\visual studio 2012\Projects\OpenCVProject\OpenCVProject\Debug\link.7184-rc.write.1.tlog
C:\Users\Snow\documents\visual studio 2012\Projects\OpenCVProject\OpenCVProject\Debug\link.7184.read.1.tlog
C:\Users\Snow\documents\visual studio 2012\Projects\OpenCVProject\OpenCVProject\Debug\link.7184.write.1.tlog
C:\Users\Snow\documents\visual studio 2012\Projects\OpenCVProject\OpenCVProject\Debug\link.7364-cvtres.read.1.tlog
C:\Users\Snow\documents\visual studio 2012\Projects\OpenCVProject\OpenCVProject\Debug\link.7364-cvtres.write.1.tlog
C:\Users\Snow\documents\visual studio 2012\Projects\OpenCVProject\OpenCVProject\Debug\link.7364-rc.read.1.tlog
C:\Users\Snow\documents\visual studio 2012\Projects\OpenCVProject\OpenCVProject\Debug\link.7364-rc.write.1.tlog
C:\Users\Snow\documents\visual studio 2012\Projects\OpenCVProject\OpenCVProject\Debug\link.7364.read.1.tlog
C:\Users\Snow\documents\visual studio 2012\Projects\OpenCVProject\OpenCVProject\Debug\link.7364.write.1.tlog
C:\Users\Snow\documents\visual studio 2012\Projects\OpenCVProject\OpenCVProject\Debug\link.7372-cvtres.read.1.tlog
C:\Users\Snow\documents\visual studio 2012\Projects\OpenCVProject\OpenCVProject\Debug\link.7372-cvtres.write.1.tlog
C:\Users\Snow\documents\visual studio 2012\Projects\OpenCVProject\OpenCVProject\Debug\link.7372-rc.read.1.tlog
C:\Users\Snow\documents\visual studio 2012\Projects\OpenCVProject\OpenCVProject\Debug\link.7372-rc.write.1.tlog
C:\Users\Snow\documents\visual studio 2012\Projects\OpenCVProject\OpenCVProject\Debug\link.7372.read.1.tlog
C:\Users\Snow\documents\visual studio 2012\Projects\OpenCVProject\OpenCVProject\Debug\link.7372.write.1.tlog
C:\Users\Snow\documents\visual studio 2012\Projects\OpenCVProject\OpenCVProject\Debug\link.7516-cvtres.read.1.tlog
C:\Users\Snow\documents\visual studio 2012\Projects\OpenCVProject\OpenCVProject\Debug\link.7516-cvtres.write.1.tlog
C:\Users\Snow\documents\visual studio 2012\Projects\OpenCVProject\OpenCVProject\Debug\link.7516-rc.read.1.tlog
C:\Users\Snow\documents\visual studio 2012\Projects\OpenCVProject\OpenCVProject\Debug\link.7516-rc.write.1.tlog
C:\Users\Snow\documents\visual studio 2012\Projects\OpenCVProject\OpenCVProject\Debug\link.7516.read.1.tlog
C:\Users\Snow\documents\visual studio 2012\Projects\OpenCVProject\OpenCVProject\Debug\link.7516.write.1.tlog
C:\Users\Snow\documents\visual studio 2012\Projects\OpenCVProject\OpenCVProject\Debug\link.7628-cvtres.read.1.tlog
C:\Users\Snow\documents\visual studio 2012\Projects\OpenCVProject\OpenCVProject\Debug\link.7628-cvtres.write.1.tlog
C:\Users\Snow\documents\visual studio 2012\Projects\OpenCVProject\OpenCVProject\Debug\link.7628-rc.read.1.tlog
C:\Users\Snow\documents\visual studio 2012\Projects\OpenCVProject\OpenCVProject\Debug\link.7628-rc.write.1.tlog
C:\Users\Snow\documents\visual studio 2012\Projects\OpenCVProject\OpenCVProject\Debug\link.7628.read.1.tlog
C:\Users\Snow\documents\visual studio 2012\Projects\OpenCVProject\OpenCVProject\Debug\link.7628.write.1.tlog
C:\Users\Snow\documents\visual studio 2012\Projects\OpenCVProject\OpenCVProject\Debug\link.7680-cvtres.read.1.tlog
C:\Users\Snow\documents\visual studio 2012\Projects\OpenCVProject\OpenCVProject\Debug\link.7680-cvtres.write.1.tlog
C:\Users\Snow\documents\visual studio 2012\Projects\OpenCVProject\OpenCVProject\Debug\link.7680-rc.read.1.tlog
C:\Users\Snow\documents\visual studio 2012\Projects\OpenCVProject\OpenCVProject\Debug\link.7680-rc.write.1.tlog
C:\Users\Snow\documents\visual studio 2012\Projects\OpenCVProject\OpenCVProject\Debug\link.7680.read.1.tlog
C:\Users\Snow\documents\visual studio 2012\Projects\OpenCVProject\OpenCVProject\Debug\link.7680.write.1.tlog
C:\Users\Snow\documents\visual studio 2012\Projects\OpenCVProject\OpenCVProject\Debug\link.7696-cvtres.read.1.tlog
C:\Users\Snow\documents\visual studio 2012\Projects\OpenCVProject\OpenCVProject\Debug\link.7696-cvtres.write.1.tlog
C:\Users\Snow\documents\visual studio 2012\Projects\OpenCVProject\OpenCVProject\Debug\link.7696-rc.read.1.tlog
C:\Users\Snow\documents\visual studio 2012\Projects\OpenCVProject\OpenCVProject\Debug\link.7696-rc.write.1.tlog
C:\Users\Snow\documents\visual studio 2012\Projects\OpenCVProject\OpenCVProject\Debug\link.7696.read.1.tlog
C:\Users\Snow\documents\visual studio 2012\Projects\OpenCVProject\OpenCVProject\Debug\link.7696.write.1.tlog
C:\Users\Snow\documents\visual studio 2012\Projects\OpenCVProject\OpenCVProject\Debug\link.7720-cvtres.read.1.tlog
C:\Users\Snow\documents\visual studio 2012\Projects\OpenCVProject\OpenCVProject\Debug\link.7720-cvtres.write.1.tlog
C:\Users\Snow\documents\visual studio 2012\Projects\OpenCVProject\OpenCVProject\Debug\link.7720-rc.read.1.tlog
C:\Users\Snow\documents\visual studio 2012\Projects\OpenCVProject\OpenCVProject\Debug\link.7720-rc.write.1.tlog
C:\Users\Snow\documents\visual studio 2012\Projects\OpenCVProject\OpenCVProject\Debug\link.7720.read.1.tlog
C:\Users\Snow\documents\visual studio 2012\Projects\OpenCVProject\OpenCVProject\Debug\link.7720.write.1.tlog
C:\Users\Snow\documents\visual studio 2012\Projects\OpenCVProject\OpenCVProject\Debug\link.7848-cvtres.read.1.tlog
C:\Users\Snow\documents\visual studio 2012\Projects\OpenCVProject\OpenCVProject\Debug\link.7848-cvtres.write.1.tlog
C:\Users\Snow\documents\visual studio 2012\Projects\OpenCVProject\OpenCVProject\Debug\link.7848-rc.read.1.tlog
C:\Users\Snow\documents\visual studio 2012\Projects\OpenCVProject\OpenCVProject\Debug\link.7848-rc.write.1.tlog
C:\Users\Snow\documents\visual studio 2012\Projects\OpenCVProject\OpenCVProject\Debug\link.7848.read.1.tlog
C:\Users\Snow\documents\visual studio 2012\Projects\OpenCVProject\OpenCVProject\Debug\link.7848.write.1.tlog
C:\Users\Snow\documents\visual studio 2012\Projects\OpenCVProject\OpenCVProject\Debug\link.7860-cvtres.read.1.tlog
C:\Users\Snow\documents\visual studio 2012\Projects\OpenCVProject\OpenCVProject\Debug\link.7860-cvtres.write.1.tlog
C:\Users\Snow\documents\visual studio 2012\Projects\OpenCVProject\OpenCVProject\Debug\link.7860-rc.read.1.tlog
C:\Users\Snow\documents\visual studio 2012\Projects\OpenCVProject\OpenCVProject\Debug\link.7860-rc.write.1.tlog
C:\Users\Snow\documents\visual studio 2012\Projects\OpenCVProject\OpenCVProject\Debug\link.7860.read.1.tlog
C:\Users\Snow\documents\visual studio 2012\Projects\OpenCVProject\OpenCVProject\Debug\link.7860.write.1.tlog
C:\Users\Snow\documents\visual studio 2012\Projects\OpenCVProject\OpenCVProject\Debug\link.7916-cvtres.read.1.tlog
C:\Users\Snow\documents\visual studio 2012\Projects\OpenCVProject\OpenCVProject\Debug\link.7916-cvtres.write.1.tlog
C:\Users\Snow\documents\visual studio 2012\Projects\OpenCVProject\OpenCVProject\Debug\link.7916-rc.read.1.tlog
C:\Users\Snow\documents\visual studio 2012\Projects\OpenCVProject\OpenCVProject\Debug\link.7916-rc.write.1.tlog
C:\Users\Snow\documents\visual studio 2012\Projects\OpenCVProject\OpenCVProject\Debug\link.7916.read.1.tlog
C:\Users\Snow\documents\visual studio 2012\Projects\OpenCVProject\OpenCVProject\Debug\link.7916.write.1.tlog
C:\Users\Snow\documents\visual studio 2012\Projects\OpenCVProject\OpenCVProject\Debug\link.8004-cvtres.read.1.tlog
C:\Users\Snow\documents\visual studio 2012\Projects\OpenCVProject\OpenCVProject\Debug\link.8004-cvtres.write.1.tlog
C:\Users\Snow\documents\visual studio 2012\Projects\OpenCVProject\OpenCVProject\Debug\link.8004-rc.read.1.tlog
C:\Users\Snow\documents\visual studio 2012\Projects\OpenCVProject\OpenCVProject\Debug\link.8004-rc.write.1.tlog
C:\Users\Snow\documents\visual studio 2012\Projects\OpenCVProject\OpenCVProject\Debug\link.8004.read.1.tlog
C:\Users\Snow\documents\visual studio 2012\Projects\OpenCVProject\OpenCVProject\Debug\link.8004.write.1.tlog
C:\Users\Snow\documents\visual studio 2012\Projects\OpenCVProject\OpenCVProject\Debug\link.8048-cvtres.read.1.tlog
C:\Users\Snow\documents\visual studio 2012\Projects\OpenCVProject\OpenCVProject\Debug\link.8048-cvtres.write.1.tlog
C:\Users\Snow\documents\visual studio 2012\Projects\OpenCVProject\OpenCVProject\Debug\link.8048-rc.read.1.tlog
C:\Users\Snow\documents\visual studio 2012\Projects\OpenCVProject\OpenCVProject\Debug\link.8048-rc.write.1.tlog
C:\Users\Snow\documents\visual studio 2012\Projects\OpenCVProject\OpenCVProject\Debug\link.8048.read.1.tlog
C:\Users\Snow\documents\visual studio 2012\Projects\OpenCVProject\OpenCVProject\Debug\link.8048.write.1.tlog
C:\Users\Snow\documents\visual studio 2012\Projects\OpenCVProject\OpenCVProject\Debug\link.8268-cvtres.read.1.tlog
C:\Users\Snow\documents\visual studio 2012\Projects\OpenCVProject\OpenCVProject\Debug\link.8268-cvtres.write.1.tlog
C:\Users\Snow\documents\visual studio 2012\Projects\OpenCVProject\OpenCVProject\Debug\link.8268-rc.read.1.tlog
C:\Users\Snow\documents\visual studio 2012\Projects\OpenCVProject\OpenCVProject\Debug\link.8268-rc.write.1.tlog
C:\Users\Snow\documents\visual studio 2012\Projects\OpenCVProject\OpenCVProject\Debug\link.8268.read.1.tlog
C:\Users\Snow\documents\visual studio 2012\Projects\OpenCVProject\OpenCVProject\Debug\link.8268.write.1.tlog
C:\Users\Snow\documents\visual studio 2012\Projects\OpenCVProject\OpenCVProject\Debug\link.8564-cvtres.read.1.tlog
C:\Users\Snow\documents\visual studio 2012\Projects\OpenCVProject\OpenCVProject\Debug\link.8564-cvtres.write.1.tlog
C:\Users\Snow\documents\visual studio 2012\Projects\OpenCVProject\OpenCVProject\Debug\link.8564-rc.read.1.tlog
C:\Users\Snow\documents\visual studio 2012\Projects\OpenCVProject\OpenCVProject\Debug\link.8564-rc.write.1.tlog
C:\Users\Snow\documents\visual studio 2012\Projects\OpenCVProject\OpenCVProject\Debug\link.8564.read.1.tlog
C:\Users\Snow\documents\visual studio 2012\Projects\OpenCVProject\OpenCVProject\Debug\link.8564.write.1.tlog
C:\Users\Snow\documents\visual studio 2012\Projects\OpenCVProject\OpenCVProject\Debug\link.8620-cvtres.read.1.tlog
C:\Users\Snow\documents\visual studio 2012\Projects\OpenCVProject\OpenCVProject\Debug\link.8620-cvtres.write.1.tlog
C:\Users\Snow\documents\visual studio 2012\Projects\OpenCVProject\OpenCVProject\Debug\link.8620-rc.read.1.tlog
C:\Users\Snow\documents\visual studio 2012\Projects\OpenCVProject\OpenCVProject\Debug\link.8620-rc.write.1.tlog
C:\Users\Snow\documents\visual studio 2012\Projects\OpenCVProject\OpenCVProject\Debug\link.8620.read.1.tlog
C:\Users\Snow\documents\visual studio 2012\Projects\OpenCVProject\OpenCVProject\Debug\link.8620.write.1.tlog
C:\Users\Snow\documents\visual studio 2012\Projects\OpenCVProject\OpenCVProject\Debug\link.8640-cvtres.read.1.tlog
C:\Users\Snow\documents\visual studio 2012\Projects\OpenCVProject\OpenCVProject\Debug\link.8640-cvtres.write.1.tlog
C:\Users\Snow\documents\visual studio 2012\Projects\OpenCVProject\OpenCVProject\Debug\link.8640-rc.read.1.tlog
C:\Users\Snow\documents\visual studio 2012\Projects\OpenCVProject\OpenCVProject\Debug\link.8640-rc.write.1.tlog
C:\Users\Snow\documents\visual studio 2012\Projects\OpenCVProject\OpenCVProject\Debug\link.8640.read.1.tlog
C:\Users\Snow\documents\visual studio 2012\Projects\OpenCVProject\OpenCVProject\Debug\link.8640.write.1.tlog
C:\Users\Snow\documents\visual studio 2012\Projects\OpenCVProject\OpenCVProject\Debug\link.8704-cvtres.read.1.tlog
C:\Users\Snow\documents\visual studio 2012\Projects\OpenCVProject\OpenCVProject\Debug\link.8704-cvtres.write.1.tlog
C:\Users\Snow\documents\visual studio 2012\Projects\OpenCVProject\OpenCVProject\Debug\link.8704-rc.read.1.tlog
C:\Users\Snow\documents\visual studio 2012\Projects\OpenCVProject\OpenCVProject\Debug\link.8704-rc.write.1.tlog
C:\Users\Snow\documents\visual studio 2012\Projects\OpenCVProject\OpenCVProject\Debug\link.8704.read.1.tlog
C:\Users\Snow\documents\visual studio 2012\Projects\OpenCVProject\OpenCVProject\Debug\link.8704.write.1.tlog
C:\Users\Snow\documents\visual studio 2012\Projects\OpenCVProject\OpenCVProject\Debug\link.8784-cvtres.read.1.tlog
C:\Users\Snow\documents\visual studio 2012\Projects\OpenCVProject\OpenCVProject\Debug\link.8784-cvtres.write.1.tlog
C:\Users\Snow\documents\visual studio 2012\Projects\OpenCVProject\OpenCVProject\Debug\link.8784-rc.read.1.tlog
C:\Users\Snow\documents\visual studio 2012\Projects\OpenCVProject\OpenCVProject\Debug\link.8784-rc.write.1.tlog
C:\Users\Snow\documents\visual studio 2012\Projects\OpenCVProject\OpenCVProject\Debug\link.8784.read.1.tlog
C:\Users\Snow\documents\visual studio 2012\Projects\OpenCVProject\OpenCVProject\Debug\link.8784.write.1.tlog
C:\Users\Snow\documents\visual studio 2012\Projects\OpenCVProject\OpenCVProject\Debug\link.command.1.tlog
C:\Users\Snow\documents\visual studio 2012\Projects\OpenCVProject\OpenCVProject\Debug\link.read.1.tlog
C:\Users\Snow\documents\visual studio 2012\Projects\OpenCVProject\OpenCVProject\Debug\link.write.1.tlog
C:\Users\Snow\documents\visual studio 2012\Projects\OpenCVProject\OpenCVProject\Debug\OpenCVProject.pch
C:\Users\Snow\documents\visual studio 2012\Projects\OpenCVProject\OpenCVProject\Debug\vc110.idb
C:\Users\Snow\documents\visual studio 2012\Projects\OpenCVProject\OpenCVProject\Debug\vc110.pdb
C:\Users\Snow\documents\visual studio 2012\Projects\OpenCVProject\Debug\OpenCVProject.pdb
